# JRE version: 7.0_17-b02
# Java VM: Java HotSpot(TM) 64-Bit Server VM (23.7-b01 mixed mode windows-amd64 compressed oops)
Heap
 PSYoungGen      total 19136K, used 18379K [0x00000007d5560000, 0x00000007d7ac0000, 0x0000000800000000)
  eden space 16448K, 95% used [0x00000007d5560000,0x00000007d64b6458,0x00000007d6570000)
  from space 2688K, 99% used [0x00000007d6810000,0x00000007d6aac978,0x00000007d6ab0000)
  to   space 2688K, 0% used [0x00000007d6570000,0x00000007d6570000,0x00000007d6810000)
 ParOldGen       total 43712K, used 1010K [0x0000000780000000, 0x0000000782ab0000, 0x00000007d5560000)
  object space 43712K, 2% used [0x0000000780000000,0x00000007800fca00,0x0000000782ab0000)
 PSPermGen       total 21248K, used 9633K [0x000000077ae00000, 0x000000077c2c0000, 0x0000000780000000)
  object space 21248K, 45% used [0x000000077ae00000,0x000000077b7685c8,0x000000077c2c0000)
GC Heap History (4 events):
Event: 0.648 GC heap before
{Heap before GC invocations=1 (full 0):
 PSYoungGen      total 19136K, used 16448K [0x00000007d5560000, 0x00000007d6ab0000, 0x0000000800000000)
  eden space 16448K, 100% used [0x00000007d5560000,0x00000007d6570000,0x00000007d6570000)
  from space 2688K, 0% used [0x00000007d6810000,0x00000007d6810000,0x00000007d6ab0000)
  to   space 2688K, 0% used [0x00000007d6570000,0x00000007d6570000,0x00000007d6810000)
 ParOldGen       total 43712K, used 0K [0x0000000780000000, 0x0000000782ab0000, 0x00000007d5560000)
  object space 43712K, 0% used [0x0000000780000000,0x0000000780000000,0x0000000782ab0000)
 PSPermGen       total 21248K, used 6672K [0x000000077ae00000, 0x000000077c2c0000, 0x0000000780000000)
  object space 21248K, 31% used [0x000000077ae00000,0x000000077b484010,0x000000077c2c0000)
Event: 0.653 GC heap after
Heap after GC invocations=1 (full 0):
 PSYoungGen      total 19136K, used 2672K [0x00000007d5560000, 0x00000007d6ab0000, 0x0000000800000000)
  eden space 16448K, 0% used [0x00000007d5560000,0x00000007d5560000,0x00000007d6570000)
  from space 2688K, 99% used [0x00000007d6570000,0x00000007d680c320,0x00000007d6810000)
  to   space 2688K, 0% used [0x00000007d6810000,0x00000007d6810000,0x00000007d6ab0000)
 ParOldGen       total 43712K, used 216K [0x0000000780000000, 0x0000000782ab0000, 0x00000007d5560000)
  object space 43712K, 0% used [0x0000000780000000,0x0000000780036260,0x0000000782ab0000)
 PSPermGen       total 21248K, used 6672K [0x000000077ae00000, 0x000000077c2c0000, 0x0000000780000000)
  object space 21248K, 31% used [0x000000077ae00000,0x000000077b484010,0x000000077c2c0000)
}
Event: 1.008 GC heap before
{Heap before GC invocations=2 (full 0):
 PSYoungGen      total 19136K, used 19120K [0x00000007d5560000, 0x00000007d6ab0000, 0x0000000800000000)
  eden space 16448K, 100% used [0x00000007d5560000,0x00000007d6570000,0x00000007d6570000)
  from space 2688K, 99% used [0x00000007d6570000,0x00000007d680c320,0x00000007d6810000)
  to   space 2688K, 0% used [0x00000007d6810000,0x00000007d6810000,0x00000007d6ab0000)
 ParOldGen       total 43712K, used 216K [0x0000000780000000, 0x0000000782ab0000, 0x00000007d5560000)
  object space 43712K, 0% used [0x0000000780000000,0x0000000780036260,0x0000000782ab0000)
 PSPermGen       total 21248K, used 9374K [0x000000077ae00000, 0x000000077c2c0000, 0x0000000780000000)
  object space 21248K, 44% used [0x000000077ae00000,0x000000077b727b30,0x000000077c2c0000)
Event: 1.014 GC heap after
Heap after GC invocations=2 (full 0):
 PSYoungGen      total 19136K, used 2674K [0x00000007d5560000, 0x00000007d7ac0000, 0x0000000800000000)
  eden space 16448K, 0% used [0x00000007d5560000,0x00000007d5560000,0x00000007d6570000)
  from space 2688K, 99% used [0x00000007d6810000,0x00000007d6aac978,0x00000007d6ab0000)
  to   space 2688K, 0% used [0x00000007d6570000,0x00000007d6570000,0x00000007d6810000)
 ParOldGen       total 43712K, used 1010K [0x0000000780000000, 0x0000000782ab0000, 0x00000007d5560000)
  object space 43712K, 2% used [0x0000000780000000,0x00000007800fca00,0x0000000782ab0000)
 PSPermGen       total 21248K, used 9374K [0x000000077ae00000, 0x000000077c2c0000, 0x0000000780000000)
  object space 21248K, 44% used [0x000000077ae00000,0x000000077b727b30,0x000000077c2c0000)
}

