# JRE version: 7.0_17-b02
# Java VM: Java HotSpot(TM) 64-Bit Server VM (23.7-b01 mixed mode windows-amd64 compressed oops)
Heap
 PSYoungGen      total 19136K, used 8746K [0x00000007d5560000, 0x00000007d6ab0000, 0x0000000800000000)
  eden space 16448K, 36% used [0x00000007d5560000,0x00000007d5b4df18,0x00000007d6570000)
  from space 2688K, 99% used [0x00000007d6570000,0x00000007d680c988,0x00000007d6810000)
  to   space 2688K, 0% used [0x00000007d6810000,0x00000007d6810000,0x00000007d6ab0000)
 ParOldGen       total 43712K, used 1384K [0x0000000780000000, 0x0000000782ab0000, 0x00000007d5560000)
  object space 43712K, 3% used [0x0000000780000000,0x000000078015a370,0x0000000782ab0000)
 PSPermGen       total 21248K, used 9757K [0x000000077ae00000, 0x000000077c2c0000, 0x0000000780000000)
  object space 21248K, 45% used [0x000000077ae00000,0x000000077b7877e0,0x000000077c2c0000)
GC Heap History (6 events):
Event: 0.704 GC heap before
{Heap before GC invocations=1 (full 0):
 PSYoungGen      total 19136K, used 16448K [0x00000007d5560000, 0x00000007d6ab0000, 0x0000000800000000)
  eden space 16448K, 100% used [0x00000007d5560000,0x00000007d6570000,0x00000007d6570000)
  from space 2688K, 0% used [0x00000007d6810000,0x00000007d6810000,0x00000007d6ab0000)
  to   space 2688K, 0% used [0x00000007d6570000,0x00000007d6570000,0x00000007d6810000)
 ParOldGen       total 43712K, used 0K [0x0000000780000000, 0x0000000782ab0000, 0x00000007d5560000)
  object space 43712K, 0% used [0x0000000780000000,0x0000000780000000,0x0000000782ab0000)
 PSPermGen       total 21248K, used 6722K [0x000000077ae00000, 0x000000077c2c0000, 0x0000000780000000)
  object space 21248K, 31% used [0x000000077ae00000,0x000000077b490b88,0x000000077c2c0000)
Event: 0.715 GC heap after
Heap after GC invocations=1 (full 0):
 PSYoungGen      total 19136K, used 2678K [0x00000007d5560000, 0x00000007d6ab0000, 0x0000000800000000)
  eden space 16448K, 0% used [0x00000007d5560000,0x00000007d5560000,0x00000007d6570000)
  from space 2688K, 99% used [0x00000007d6570000,0x00000007d680d9b8,0x00000007d6810000)
  to   space 2688K, 0% used [0x00000007d6810000,0x00000007d6810000,0x00000007d6ab0000)
 ParOldGen       total 43712K, used 135K [0x0000000780000000, 0x0000000782ab0000, 0x00000007d5560000)
  object space 43712K, 0% used [0x0000000780000000,0x0000000780021ea0,0x0000000782ab0000)
 PSPermGen       total 21248K, used 6722K [0x000000077ae00000, 0x000000077c2c0000, 0x0000000780000000)
  object space 21248K, 31% used [0x000000077ae00000,0x000000077b490b88,0x000000077c2c0000)
}
Event: 1.105 GC heap before
{Heap before GC invocations=2 (full 0):
 PSYoungGen      total 19136K, used 19126K [0x00000007d5560000, 0x00000007d6ab0000, 0x0000000800000000)
  eden space 16448K, 100% used [0x00000007d5560000,0x00000007d6570000,0x00000007d6570000)
  from space 2688K, 99% used [0x00000007d6570000,0x00000007d680d9b8,0x00000007d6810000)
  to   space 2688K, 0% used [0x00000007d6810000,0x00000007d6810000,0x00000007d6ab0000)
 ParOldGen       total 43712K, used 135K [0x0000000780000000, 0x0000000782ab0000, 0x00000007d5560000)
  object space 43712K, 0% used [0x0000000780000000,0x0000000780021ea0,0x0000000782ab0000)
 PSPermGen       total 21248K, used 9476K [0x000000077ae00000, 0x000000077c2c0000, 0x0000000780000000)
  object space 21248K, 44% used [0x000000077ae00000,0x000000077b741218,0x000000077c2c0000)
Event: 1.116 GC heap after
Heap after GC invocations=2 (full 0):
 PSYoungGen      total 19136K, used 2658K [0x00000007d5560000, 0x00000007d6ab0000, 0x0000000800000000)
  eden space 16448K, 0% used [0x00000007d5560000,0x00000007d5560000,0x00000007d6570000)
  from space 2688K, 98% used [0x00000007d6810000,0x00000007d6aa8998,0x00000007d6ab0000)
  to   space 2688K, 0% used [0x00000007d6570000,0x00000007d6570000,0x00000007d6810000)
 ParOldGen       total 43712K, used 978K [0x0000000780000000, 0x0000000782ab0000, 0x00000007d5560000)
  object space 43712K, 2% used [0x0000000780000000,0x00000007800f48c8,0x0000000782ab0000)
 PSPermGen       total 21248K, used 9476K [0x000000077ae00000, 0x000000077c2c0000, 0x0000000780000000)
  object space 21248K, 44% used [0x000000077ae00000,0x000000077b741218,0x000000077c2c0000)
}
Event: 1.310 GC heap before
{Heap before GC invocations=3 (full 0):
 PSYoungGen      total 19136K, used 19106K [0x00000007d5560000, 0x00000007d6ab0000, 0x0000000800000000)
  eden space 16448K, 100% used [0x00000007d5560000,0x00000007d6570000,0x00000007d6570000)
  from space 2688K, 98% used [0x00000007d6810000,0x00000007d6aa8998,0x00000007d6ab0000)
  to   space 2688K, 0% used [0x00000007d6570000,0x00000007d6570000,0x00000007d6810000)
 ParOldGen       total 43712K, used 978K [0x0000000780000000, 0x0000000782ab0000, 0x00000007d5560000)
  object space 43712K, 2% used [0x0000000780000000,0x00000007800f48c8,0x0000000782ab0000)
 PSPermGen       total 21248K, used 9748K [0x000000077ae00000, 0x000000077c2c0000, 0x0000000780000000)
  object space 21248K, 45% used [0x000000077ae00000,0x000000077b785138,0x000000077c2c0000)
Event: 1.331 GC heap after
Heap after GC invocations=3 (full 0):
 PSYoungGen      total 19136K, used 2674K [0x00000007d5560000, 0x00000007d6ab0000, 0x0000000800000000)
  eden space 16448K, 0% used [0x00000007d5560000,0x00000007d5560000,0x00000007d6570000)
  from space 2688K, 99% used [0x00000007d6570000,0x00000007d680c988,0x00000007d6810000)
  to   space 2688K, 0% used [0x00000007d6810000,0x00000007d6810000,0x00000007d6ab0000)
 ParOldGen       total 43712K, used 1384K [0x0000000780000000, 0x0000000782ab0000, 0x00000007d5560000)
  object space 43712K, 3% used [0x0000000780000000,0x000000078015a370,0x0000000782ab0000)
 PSPermGen       total 21248K, used 9748K [0x000000077ae00000, 0x000000077c2c0000, 0x0000000780000000)
  object space 21248K, 45% used [0x000000077ae00000,0x000000077b785138,0x000000077c2c0000)
}

